
> thekllink-homepage@1.0.0 dev
> next dev -p 9000

 ⚠ i18n configuration in next.config.ts is unsupported in App Router.
Learn more about internationalization in App Router: https://nextjs.org/docs/app/building-your-application/routing/internationalization
 ⚠ Invalid next.config.ts options detected: 
 ⚠     Invalid literal value, expected false at "i18n.localeDetection"
 ⚠     Unrecognized key(s) in object: 'swcMinify'
 ⚠ See more info here: https://nextjs.org/docs/messages/invalid-next-config
   ▲ Next.js 15.5.15
   - Local:        http://localhost:9000
   - Network:      http://172.19.240.1:9000
   - Environments: .env.local

 ✓ Starting...
 ✓ Ready in 1769ms
 ○ Compiling /portfolio ...
 ✓ Compiled /portfolio in 2.6s (623 modules)
 ✓ Compiled in 134ms (248 modules)
 GET /portfolio 200 in 3526ms
 GET /portfolio 200 in 289ms
 ✓ Compiled /business in 247ms (615 modules)
 GET /business 200 in 613ms
 GET /portfolio 200 in 278ms
 ✓ Compiled /_not-found in 202ms (620 modules)
 GET /.well-known/appspecific/com.chrome.devtools.json 404 in 575ms
 GET /portfolio 200 in 369ms
 GET /.well-known/appspecific/com.chrome.devtools.json 404 in 262ms
 GET /.well-known/appspecific/com.chrome.devtools.json 404 in 265ms
 ⚠ Found a change in next.config.ts. Restarting the server to apply the changes...
   ▲ Next.js 15.5.15
   - Local:        http://localhost:9000
   - Network:      http://172.19.240.1:9000
   - Environments: .env.local

 ✓ Starting...
 ✓ Ready in 1449ms
   Reload env: .env.local
 ○ Compiling / ...
 ✓ Compiled /admin in 4.8s (655 modules)
 GET / 200 in 5428ms
 GET /admin 200 in 2769ms
 ✓ Compiled /api/contact/list in 180ms (398 modules)
 ✓ Compiled /_not-found in 262ms (649 modules)
 GET /api/contact/list?limit=20&offset=0&sortBy=created_at&order=desc 404 in 540ms
 GET /api/contact/list?limit=20&offset=0&sortBy=created_at&order=desc 404 in 53ms
 GET / 200 in 162ms
 ✓ Compiled /contact in 386ms (658 modules)
 GET /contact 200 in 534ms
 ✓ Compiled /api/contact in 411ms (678 modules)
 POST /api/contact 200 in 1393ms
 ✓ Compiled in 290ms (684 modules)
 GET /admin 200 in 238ms
 GET /contact 200 in 240ms
 ⨯ Error: Cannot find module './331.js'
Require stack:
- C:\workspace\homepage_k\.next\server\webpack-runtime.js
- C:\workspace\homepage_k\.next\server\app\admin\page.js
- C:\workspace\homepage_k\node_modules\next\dist\server\require.js
- C:\workspace\homepage_k\node_modules\next\dist\server\load-components.js
- C:\workspace\homepage_k\node_modules\next\dist\build\utils.js
- C:\workspace\homepage_k\node_modules\next\dist\build\swc\options.js
- C:\workspace\homepage_k\node_modules\next\dist\build\swc\index.js
- C:\workspace\homepage_k\node_modules\next\dist\build\next-config-ts\transpile-config.js
- C:\workspace\homepage_k\node_modules\next\dist\server\config.js
- C:\workspace\homepage_k\node_modules\next\dist\server\next.js
- C:\workspace\homepage_k\node_modules\next\dist\server\lib\start-server.js
    at <unknown> (C:\workspace\homepage_k\.next\server\app\api\contact\route.js:8:33361)
    at Object.<anonymous> (C:\workspace\homepage_k\.next\server\app\api\contact\route.js:8:33406) {
  code: 'MODULE_NOT_FOUND',
  requireStack: [Array],
  page: '/api/contact'
}
 ○ Compiling /_error ...
 ✓ Compiled /_error in 1666ms (996 modules)
 ⨯ Error: Cannot find module './331.js'
Require stack:
- C:\workspace\homepage_k\.next\server\webpack-runtime.js
- C:\workspace\homepage_k\.next\server\pages\_document.js
- C:\workspace\homepage_k\node_modules\next\dist\server\require.js
- C:\workspace\homepage_k\node_modules\next\dist\server\load-components.js
- C:\workspace\homepage_k\node_modules\next\dist\build\utils.js
- C:\workspace\homepage_k\node_modules\next\dist\build\swc\options.js
- C:\workspace\homepage_k\node_modules\next\dist\build\swc\index.js
- C:\workspace\homepage_k\node_modules\next\dist\build\next-config-ts\transpile-config.js
- C:\workspace\homepage_k\node_modules\next\dist\server\config.js
- C:\workspace\homepage_k\node_modules\next\dist\server\next.js
- C:\workspace\homepage_k\node_modules\next\dist\server\lib\start-server.js
    at <unknown> (C:\workspace\homepage_k\.next\server\app\admin\page.js:2:15645)
    at Object.<anonymous> (C:\workspace\homepage_k\.next\server\app\admin\page.js:2:15694) {
  code: 'MODULE_NOT_FOUND',
  requireStack: [Array],
  page: '/admin'
}
 ⨯ Error: Cannot find module './331.js'
Require stack:
- C:\workspace\homepage_k\.next\server\webpack-runtime.js
- C:\workspace\homepage_k\.next\server\pages\_document.js
- C:\workspace\homepage_k\node_modules\next\dist\server\require.js
- C:\workspace\homepage_k\node_modules\next\dist\server\load-components.js
- C:\workspace\homepage_k\node_modules\next\dist\build\utils.js
- C:\workspace\homepage_k\node_modules\next\dist\build\swc\options.js
- C:\workspace\homepage_k\node_modules\next\dist\build\swc\index.js
- C:\workspace\homepage_k\node_modules\next\dist\build\next-config-ts\transpile-config.js
- C:\workspace\homepage_k\node_modules\next\dist\server\config.js
- C:\workspace\homepage_k\node_modules\next\dist\server\next.js
- C:\workspace\homepage_k\node_modules\next\dist\server\lib\start-server.js
    at <unknown> (C:\workspace\homepage_k\.next\server\app\contact\page.js:2:18100)
    at Object.<anonymous> (C:\workspace\homepage_k\.next\server\app\contact\page.js:2:18156) {
  code: 'MODULE_NOT_FOUND',
  requireStack: [Array],
  page: '/contact'
}
 POST /api/contact 500 in 2357ms
 GET /admin 500 in 1176ms
 GET /contact 500 in 1178ms
 ⨯ Error: Cannot find module './331.js'
Require stack:
- C:\workspace\homepage_k\.next\server\webpack-runtime.js
- C:\workspace\homepage_k\.next\server\pages\_document.js
- C:\workspace\homepage_k\node_modules\next\dist\server\require.js
- C:\workspace\homepage_k\node_modules\next\dist\server\load-components.js
- C:\workspace\homepage_k\node_modules\next\dist\build\utils.js
- C:\workspace\homepage_k\node_modules\next\dist\build\swc\options.js
- C:\workspace\homepage_k\node_modules\next\dist\build\swc\index.js
- C:\workspace\homepage_k\node_modules\next\dist\build\next-config-ts\transpile-config.js
- C:\workspace\homepage_k\node_modules\next\dist\server\config.js
- C:\workspace\homepage_k\node_modules\next\dist\server\next.js
- C:\workspace\homepage_k\node_modules\next\dist\server\lib\start-server.js
    at <unknown> (C:\workspace\homepage_k\.next\server\app\contact\page.js:2:18100)
    at Object.<anonymous> (C:\workspace\homepage_k\.next\server\app\contact\page.js:2:18156) {
  code: 'MODULE_NOT_FOUND',
  requireStack: [Array],
  page: '/contact'
}
 ⨯ Error: Cannot find module './331.js'
Require stack:
- C:\workspace\homepage_k\.next\server\webpack-runtime.js
- C:\workspace\homepage_k\.next\server\pages\_document.js
- C:\workspace\homepage_k\node_modules\next\dist\server\require.js
- C:\workspace\homepage_k\node_modules\next\dist\server\load-components.js
- C:\workspace\homepage_k\node_modules\next\dist\build\utils.js
- C:\workspace\homepage_k\node_modules\next\dist\build\swc\options.js
- C:\workspace\homepage_k\node_modules\next\dist\build\swc\index.js
- C:\workspace\homepage_k\node_modules\next\dist\build\next-config-ts\transpile-config.js
- C:\workspace\homepage_k\node_modules\next\dist\server\config.js
- C:\workspace\homepage_k\node_modules\next\dist\server\next.js
- C:\workspace\homepage_k\node_modules\next\dist\server\lib\start-server.js
    at <unknown> (C:\workspace\homepage_k\.next\server\app\admin\page.js:2:15645)
    at Object.<anonymous> (C:\workspace\homepage_k\.next\server\app\admin\page.js:2:15694) {
  code: 'MODULE_NOT_FOUND',
  requireStack: [Array],
  page: '/admin'
}
 GET /contact 500 in 715ms
 GET /admin 500 in 715ms
 ⨯ Error: Cannot find module './331.js'
Require stack:
- C:\workspace\homepage_k\.next\server\webpack-runtime.js
- C:\workspace\homepage_k\.next\server\pages\_document.js
- C:\workspace\homepage_k\node_modules\next\dist\server\require.js
- C:\workspace\homepage_k\node_modules\next\dist\server\load-components.js
- C:\workspace\homepage_k\node_modules\next\dist\build\utils.js
- C:\workspace\homepage_k\node_modules\next\dist\build\swc\options.js
- C:\workspace\homepage_k\node_modules\next\dist\build\swc\index.js
- C:\workspace\homepage_k\node_modules\next\dist\build\next-config-ts\transpile-config.js
- C:\workspace\homepage_k\node_modules\next\dist\server\config.js
- C:\workspace\homepage_k\node_modules\next\dist\server\next.js
- C:\workspace\homepage_k\node_modules\next\dist\server\lib\start-server.js
    at <unknown> (C:\workspace\homepage_k\.next\server\app\contact\page.js:2:18100)
    at Object.<anonymous> (C:\workspace\homepage_k\.next\server\app\contact\page.js:2:18156) {
  code: 'MODULE_NOT_FOUND',
  requireStack: [Array],
  page: '/contact'
}
 ⨯ Error: Cannot find module './331.js'
Require stack:
- C:\workspace\homepage_k\.next\server\webpack-runtime.js
- C:\workspace\homepage_k\.next\server\pages\_document.js
- C:\workspace\homepage_k\node_modules\next\dist\server\require.js
- C:\workspace\homepage_k\node_modules\next\dist\server\load-components.js
- C:\workspace\homepage_k\node_modules\next\dist\build\utils.js
- C:\workspace\homepage_k\node_modules\next\dist\build\swc\options.js
- C:\workspace\homepage_k\node_modules\next\dist\build\swc\index.js
- C:\workspace\homepage_k\node_modules\next\dist\build\next-config-ts\transpile-config.js
- C:\workspace\homepage_k\node_modules\next\dist\server\config.js
- C:\workspace\homepage_k\node_modules\next\dist\server\next.js
- C:\workspace\homepage_k\node_modules\next\dist\server\lib\start-server.js
    at <unknown> (C:\workspace\homepage_k\.next\server\app\admin\page.js:2:15645)
    at Object.<anonymous> (C:\workspace\homepage_k\.next\server\app\admin\page.js:2:15694) {
  code: 'MODULE_NOT_FOUND',
  requireStack: [Array],
  page: '/admin'
}
 GET /contact 500 in 278ms
 GET /admin 500 in 277ms
 ⨯ Error: Cannot find module './331.js'
Require stack:
- C:\workspace\homepage_k\.next\server\webpack-runtime.js
- C:\workspace\homepage_k\.next\server\pages\_document.js
- C:\workspace\homepage_k\node_modules\next\dist\server\require.js
- C:\workspace\homepage_k\node_modules\next\dist\server\load-components.js
- C:\workspace\homepage_k\node_modules\next\dist\build\utils.js
- C:\workspace\homepage_k\node_modules\next\dist\build\swc\options.js
- C:\workspace\homepage_k\node_modules\next\dist\build\swc\index.js
- C:\workspace\homepage_k\node_modules\next\dist\build\next-config-ts\transpile-config.js
- C:\workspace\homepage_k\node_modules\next\dist\server\config.js
- C:\workspace\homepage_k\node_modules\next\dist\server\next.js
- C:\workspace\homepage_k\node_modules\next\dist\server\lib\start-server.js
    at <unknown> (C:\workspace\homepage_k\.next\server\app\contact\page.js:2:18100)
    at Object.<anonymous> (C:\workspace\homepage_k\.next\server\app\contact\page.js:2:18156) {
  code: 'MODULE_NOT_FOUND',
  requireStack: [Array],
  page: '/contact'
}
 GET /contact 500 in 242ms
 ✓ Compiled / in 229ms (615 modules)
 ⨯ Error: Cannot find module './331.js'
Require stack:
- C:\workspace\homepage_k\.next\server\webpack-runtime.js
- C:\workspace\homepage_k\.next\server\app\page.js
- C:\workspace\homepage_k\node_modules\next\dist\server\require.js
- C:\workspace\homepage_k\node_modules\next\dist\server\load-components.js
- C:\workspace\homepage_k\node_modules\next\dist\build\utils.js
- C:\workspace\homepage_k\node_modules\next\dist\build\swc\options.js
- C:\workspace\homepage_k\node_modules\next\dist\build\swc\index.js
- C:\workspace\homepage_k\node_modules\next\dist\build\next-config-ts\transpile-config.js
- C:\workspace\homepage_k\node_modules\next\dist\server\config.js
- C:\workspace\homepage_k\node_modules\next\dist\server\next.js
- C:\workspace\homepage_k\node_modules\next\dist\server\lib\start-server.js
    at <unknown> (C:\workspace\homepage_k\.next\server\app\page.js:2:37167)
    at Object.<anonymous> (C:\workspace\homepage_k\.next\server\app\page.js:2:37223) {
  code: 'MODULE_NOT_FOUND',
  requireStack: [Array],
  page: '/'
}
 GET / 500 in 533ms
 ⨯ Error: Cannot find module './331.js'
Require stack:
- C:\workspace\homepage_k\.next\server\webpack-runtime.js
- C:\workspace\homepage_k\.next\server\app\page.js
- C:\workspace\homepage_k\node_modules\next\dist\server\require.js
- C:\workspace\homepage_k\node_modules\next\dist\server\load-components.js
- C:\workspace\homepage_k\node_modules\next\dist\build\utils.js
- C:\workspace\homepage_k\node_modules\next\dist\build\swc\options.js
- C:\workspace\homepage_k\node_modules\next\dist\build\swc\index.js
- C:\workspace\homepage_k\node_modules\next\dist\build\next-config-ts\transpile-config.js
- C:\workspace\homepage_k\node_modules\next\dist\server\config.js
- C:\workspace\homepage_k\node_modules\next\dist\server\next.js
- C:\workspace\homepage_k\node_modules\next\dist\server\lib\start-server.js
    at <unknown> (C:\workspace\homepage_k\.next\server\app\page.js:2:37167)
    at Object.<anonymous> (C:\workspace\homepage_k\.next\server\app\page.js:2:37223) {
  code: 'MODULE_NOT_FOUND',
  requireStack: [Array],
  page: '/'
}
 GET / 500 in 266ms
 ⨯ Error: Cannot find module './331.js'
Require stack:
- C:\workspace\homepage_k\.next\server\webpack-runtime.js
- C:\workspace\homepage_k\.next\server\app\page.js
- C:\workspace\homepage_k\node_modules\next\dist\server\require.js
- C:\workspace\homepage_k\node_modules\next\dist\server\load-components.js
- C:\workspace\homepage_k\node_modules\next\dist\build\utils.js
- C:\workspace\homepage_k\node_modules\next\dist\build\swc\options.js
- C:\workspace\homepage_k\node_modules\next\dist\build\swc\index.js
- C:\workspace\homepage_k\node_modules\next\dist\build\next-config-ts\transpile-config.js
- C:\workspace\homepage_k\node_modules\next\dist\server\config.js
- C:\workspace\homepage_k\node_modules\next\dist\server\next.js
- C:\workspace\homepage_k\node_modules\next\dist\server\lib\start-server.js
    at <unknown> (C:\workspace\homepage_k\.next\server\app\page.js:2:37167)
    at Object.<anonymous> (C:\workspace\homepage_k\.next\server\app\page.js:2:37223) {
  code: 'MODULE_NOT_FOUND',
  requireStack: [Array],
  page: '/'
}
 GET / 500 in 273ms
[Error: ENOENT: no such file or directory, stat 'C:\workspace\homepage_k\.next\cache\webpack\server-development\7.pack.gz'] {
  errno: -4058,
  code: 'ENOENT',
  syscall: 'stat',
  path: 'C:\\workspace\\homepage_k\\.next\\cache\\webpack\\server-development\\7.pack.gz'
}
 ⨯ unhandledRejection: [Error: ENOENT: no such file or directory, stat 'C:\workspace\homepage_k\.next\cache\webpack\server-development\7.pack.gz'] {
  errno: -4058,
  code: 'ENOENT',
  syscall: 'stat',
  path: 'C:\\workspace\\homepage_k\\.next\\cache\\webpack\\server-development\\7.pack.gz'
}
 ⨯ unhandledRejection:  [Error: ENOENT: no such file or directory, stat 'C:\workspace\homepage_k\.next\cache\webpack\server-development\7.pack.gz'] {
  errno: -4058,
  code: 'ENOENT',
  syscall: 'stat',
  path: 'C:\\workspace\\homepage_k\\.next\\cache\\webpack\\server-development\\7.pack.gz'
}
<w> [webpack.cache.PackFileCacheStrategy] Caching failed for pack: Error: ENOENT: no such file or directory, stat 'C:\workspace\homepage_k\.next\cache\webpack\server-development\7.pack.gz'
 ⨯ Error: Cannot find module './331.js'
Require stack:
- C:\workspace\homepage_k\.next\server\webpack-runtime.js
- C:\workspace\homepage_k\.next\server\app\page.js
- C:\workspace\homepage_k\node_modules\next\dist\server\require.js
- C:\workspace\homepage_k\node_modules\next\dist\server\load-components.js
- C:\workspace\homepage_k\node_modules\next\dist\build\utils.js
- C:\workspace\homepage_k\node_modules\next\dist\build\swc\options.js
- C:\workspace\homepage_k\node_modules\next\dist\build\swc\index.js
- C:\workspace\homepage_k\node_modules\next\dist\build\next-config-ts\transpile-config.js
- C:\workspace\homepage_k\node_modules\next\dist\server\config.js
- C:\workspace\homepage_k\node_modules\next\dist\server\next.js
- C:\workspace\homepage_k\node_modules\next\dist\server\lib\start-server.js
    at <unknown> (C:\workspace\homepage_k\.next\server\app\page.js:2:37167)
    at Object.<anonymous> (C:\workspace\homepage_k\.next\server\app\page.js:2:37223) {
  code: 'MODULE_NOT_FOUND',
  requireStack: [Array],
  page: '/'
}
 GET / 500 in 265ms
 ⨯ Error: Cannot find module './331.js'
Require stack:
- C:\workspace\homepage_k\.next\server\webpack-runtime.js
- C:\workspace\homepage_k\.next\server\app\page.js
- C:\workspace\homepage_k\node_modules\next\dist\server\require.js
- C:\workspace\homepage_k\node_modules\next\dist\server\load-components.js
- C:\workspace\homepage_k\node_modules\next\dist\build\utils.js
- C:\workspace\homepage_k\node_modules\next\dist\build\swc\options.js
- C:\workspace\homepage_k\node_modules\next\dist\build\swc\index.js
- C:\workspace\homepage_k\node_modules\next\dist\build\next-config-ts\transpile-config.js
- C:\workspace\homepage_k\node_modules\next\dist\server\config.js
- C:\workspace\homepage_k\node_modules\next\dist\server\next.js
- C:\workspace\homepage_k\node_modules\next\dist\server\lib\start-server.js
    at <unknown> (C:\workspace\homepage_k\.next\server\app\page.js:2:37167)
    at Object.<anonymous> (C:\workspace\homepage_k\.next\server\app\page.js:2:37223) {
  code: 'MODULE_NOT_FOUND',
  requireStack: [Array],
  page: '/'
}
 GET / 500 in 276ms
 ⨯ Error: Cannot find module './331.js'
Require stack:
- C:\workspace\homepage_k\.next\server\webpack-runtime.js
- C:\workspace\homepage_k\.next\server\app\page.js
- C:\workspace\homepage_k\node_modules\next\dist\server\require.js
- C:\workspace\homepage_k\node_modules\next\dist\server\load-components.js
- C:\workspace\homepage_k\node_modules\next\dist\build\utils.js
- C:\workspace\homepage_k\node_modules\next\dist\build\swc\options.js
- C:\workspace\homepage_k\node_modules\next\dist\build\swc\index.js
- C:\workspace\homepage_k\node_modules\next\dist\build\next-config-ts\transpile-config.js
- C:\workspace\homepage_k\node_modules\next\dist\server\config.js
- C:\workspace\homepage_k\node_modules\next\dist\server\next.js
- C:\workspace\homepage_k\node_modules\next\dist\server\lib\start-server.js
    at <unknown> (C:\workspace\homepage_k\.next\server\app\page.js:2:37167)
    at Object.<anonymous> (C:\workspace\homepage_k\.next\server\app\page.js:2:37223) {
  code: 'MODULE_NOT_FOUND',
  requireStack: [Array],
  page: '/'
}
 GET / 500 in 286ms
 ⨯ Error: Cannot find module './331.js'
Require stack:
- C:\workspace\homepage_k\.next\server\webpack-runtime.js
- C:\workspace\homepage_k\.next\server\app\page.js
- C:\workspace\homepage_k\node_modules\next\dist\server\require.js
- C:\workspace\homepage_k\node_modules\next\dist\server\load-components.js
- C:\workspace\homepage_k\node_modules\next\dist\build\utils.js
- C:\workspace\homepage_k\node_modules\next\dist\build\swc\options.js
- C:\workspace\homepage_k\node_modules\next\dist\build\swc\index.js
- C:\workspace\homepage_k\node_modules\next\dist\build\next-config-ts\transpile-config.js
- C:\workspace\homepage_k\node_modules\next\dist\server\config.js
- C:\workspace\homepage_k\node_modules\next\dist\server\next.js
- C:\workspace\homepage_k\node_modules\next\dist\server\lib\start-server.js
    at <unknown> (C:\workspace\homepage_k\.next\server\app\page.js:2:37167)
    at Object.<anonymous> (C:\workspace\homepage_k\.next\server\app\page.js:2:37223) {
  code: 'MODULE_NOT_FOUND',
  requireStack: [Array],
  page: '/'
}
 GET / 500 in 259ms
 ✓ Compiled in 232ms (977 modules)
 ✓ Compiled in 156ms (977 modules)
 ✓ Compiled / in 137ms (596 modules)
 ⨯ Error: Cannot find module './331.js'
Require stack:
- C:\workspace\homepage_k\.next\server\webpack-runtime.js
- C:\workspace\homepage_k\.next\server\app\page.js
- C:\workspace\homepage_k\node_modules\next\dist\server\require.js
- C:\workspace\homepage_k\node_modules\next\dist\server\load-components.js
- C:\workspace\homepage_k\node_modules\next\dist\build\utils.js
- C:\workspace\homepage_k\node_modules\next\dist\build\swc\options.js
- C:\workspace\homepage_k\node_modules\next\dist\build\swc\index.js
- C:\workspace\homepage_k\node_modules\next\dist\build\next-config-ts\transpile-config.js
- C:\workspace\homepage_k\node_modules\next\dist\server\config.js
- C:\workspace\homepage_k\node_modules\next\dist\server\next.js
- C:\workspace\homepage_k\node_modules\next\dist\server\lib\start-server.js
    at <unknown> (C:\workspace\homepage_k\.next\server\app\page.js:2:37167)
    at Object.<anonymous> (C:\workspace\homepage_k\.next\server\app\page.js:2:37223) {
  code: 'MODULE_NOT_FOUND',
  requireStack: [Array],
  page: '/'
}
 ⨯ Error: Cannot find module './611.js'
Require stack:
- C:\workspace\homepage_k\.next\server\webpack-runtime.js
- C:\workspace\homepage_k\.next\server\app\page.js
- C:\workspace\homepage_k\node_modules\next\dist\server\require.js
- C:\workspace\homepage_k\node_modules\next\dist\server\load-components.js
- C:\workspace\homepage_k\node_modules\next\dist\build\utils.js
- C:\workspace\homepage_k\node_modules\next\dist\build\swc\options.js
- C:\workspace\homepage_k\node_modules\next\dist\build\swc\index.js
- C:\workspace\homepage_k\node_modules\next\dist\build\next-config-ts\transpile-config.js
- C:\workspace\homepage_k\node_modules\next\dist\server\config.js
- C:\workspace\homepage_k\node_modules\next\dist\server\next.js
- C:\workspace\homepage_k\node_modules\next\dist\server\lib\start-server.js
    at <unknown> (C:\workspace\homepage_k\.next\server\pages\_document.js:1:321)
    at Object.<anonymous> (C:\workspace\homepage_k\.next\server\pages\_document.js:1:366) {
  code: 'MODULE_NOT_FOUND',
  requireStack: [Array]
}
 GET / 500 in 2601ms
 ⨯ Error: Cannot find module './331.js'
Require stack:
- C:\workspace\homepage_k\.next\server\webpack-runtime.js
- C:\workspace\homepage_k\.next\server\app\page.js
- C:\workspace\homepage_k\node_modules\next\dist\server\require.js
- C:\workspace\homepage_k\node_modules\next\dist\server\load-components.js
- C:\workspace\homepage_k\node_modules\next\dist\build\utils.js
- C:\workspace\homepage_k\node_modules\next\dist\build\swc\options.js
- C:\workspace\homepage_k\node_modules\next\dist\build\swc\index.js
- C:\workspace\homepage_k\node_modules\next\dist\build\next-config-ts\transpile-config.js
- C:\workspace\homepage_k\node_modules\next\dist\server\config.js
- C:\workspace\homepage_k\node_modules\next\dist\server\next.js
- C:\workspace\homepage_k\node_modules\next\dist\server\lib\start-server.js
    at <unknown> (C:\workspace\homepage_k\.next\server\app\page.js:2:37167)
    at Object.<anonymous> (C:\workspace\homepage_k\.next\server\app\page.js:2:37223) {
  code: 'MODULE_NOT_FOUND',
  requireStack: [Array],
  page: '/'
}
 ⨯ Error: Cannot find module './611.js'
Require stack:
- C:\workspace\homepage_k\.next\server\webpack-runtime.js
- C:\workspace\homepage_k\.next\server\app\page.js
- C:\workspace\homepage_k\node_modules\next\dist\server\require.js
- C:\workspace\homepage_k\node_modules\next\dist\server\load-components.js
- C:\workspace\homepage_k\node_modules\next\dist\build\utils.js
- C:\workspace\homepage_k\node_modules\next\dist\build\swc\options.js
- C:\workspace\homepage_k\node_modules\next\dist\build\swc\index.js
- C:\workspace\homepage_k\node_modules\next\dist\build\next-config-ts\transpile-config.js
- C:\workspace\homepage_k\node_modules\next\dist\server\config.js
- C:\workspace\homepage_k\node_modules\next\dist\server\next.js
- C:\workspace\homepage_k\node_modules\next\dist\server\lib\start-server.js
    at <unknown> (C:\workspace\homepage_k\.next\server\pages\_document.js:1:321)
    at Object.<anonymous> (C:\workspace\homepage_k\.next\server\pages\_document.js:1:366) {
  code: 'MODULE_NOT_FOUND',
  requireStack: [Array]
}
 GET / 500 in 116ms
 ✓ Compiled in 444ms (984 modules)
 GET / 200 in 153ms
 ✓ Compiled in 439ms (997 modules)
 GET / 200 in 53ms
 GET /admin 200 in 31ms
 GET / 200 in 37ms
 ○ Compiling /portfolio ...
 ✓ Compiled /portfolio in 1146ms (1012 modules)
 ⨯ Error: Cannot find module './331.js'
Require stack:
- C:\workspace\homepage_k\.next\server\webpack-runtime.js
- C:\workspace\homepage_k\.next\server\app\contact\page.js
- C:\workspace\homepage_k\node_modules\next\dist\server\require.js
- C:\workspace\homepage_k\node_modules\next\dist\server\load-components.js
- C:\workspace\homepage_k\node_modules\next\dist\build\utils.js
- C:\workspace\homepage_k\node_modules\next\dist\build\swc\options.js
- C:\workspace\homepage_k\node_modules\next\dist\build\swc\index.js
- C:\workspace\homepage_k\node_modules\next\dist\build\next-config-ts\transpile-config.js
- C:\workspace\homepage_k\node_modules\next\dist\server\config.js
- C:\workspace\homepage_k\node_modules\next\dist\server\next.js
- C:\workspace\homepage_k\node_modules\next\dist\server\lib\start-server.js
    at <unknown> (C:\workspace\homepage_k\.next\server\app\contact\page.js:2:18100)
    at Object.<anonymous> (C:\workspace\homepage_k\.next\server\app\contact\page.js:2:18156) {
  code: 'MODULE_NOT_FOUND',
  requireStack: [Array],
  page: '/contact'
}
 ⨯ Error: Cannot find module './611.js'
Require stack:
- C:\workspace\homepage_k\.next\server\webpack-runtime.js
- C:\workspace\homepage_k\.next\server\app\contact\page.js
- C:\workspace\homepage_k\node_modules\next\dist\server\require.js
- C:\workspace\homepage_k\node_modules\next\dist\server\load-components.js
- C:\workspace\homepage_k\node_modules\next\dist\build\utils.js
- C:\workspace\homepage_k\node_modules\next\dist\build\swc\options.js
- C:\workspace\homepage_k\node_modules\next\dist\build\swc\index.js
- C:\workspace\homepage_k\node_modules\next\dist\build\next-config-ts\transpile-config.js
- C:\workspace\homepage_k\node_modules\next\dist\server\config.js
- C:\workspace\homepage_k\node_modules\next\dist\server\next.js
- C:\workspace\homepage_k\node_modules\next\dist\server\lib\start-server.js
    at <unknown> (C:\workspace\homepage_k\.next\server\pages\_document.js:1:321)
    at Object.<anonymous> (C:\workspace\homepage_k\.next\server\pages\_document.js:1:366) {
  code: 'MODULE_NOT_FOUND',
  requireStack: [Array]
}
[TypeError: Cannot read properties of undefined (reading '/_app')]
 ⨯ [TypeError: Cannot read properties of undefined (reading '/_app')]
Error: Cannot find module './331.js'
Require stack:
- C:\workspace\homepage_k\.next\server\webpack-runtime.js
- C:\workspace\homepage_k\.next\server\app\contact\page.js
- C:\workspace\homepage_k\node_modules\next\dist\server\require.js
- C:\workspace\homepage_k\node_modules\next\dist\server\load-components.js
- C:\workspace\homepage_k\node_modules\next\dist\build\utils.js
- C:\workspace\homepage_k\node_modules\next\dist\build\swc\options.js
- C:\workspace\homepage_k\node_modules\next\dist\build\swc\index.js
- C:\workspace\homepage_k\node_modules\next\dist\build\next-config-ts\transpile-config.js
- C:\workspace\homepage_k\node_modules\next\dist\server\config.js
- C:\workspace\homepage_k\node_modules\next\dist\server\next.js
- C:\workspace\homepage_k\node_modules\next\dist\server\lib\start-server.js
    at <unknown> (C:\workspace\homepage_k\.next\server\app\contact\page.js:2:18100)
    at Object.<anonymous> (C:\workspace\homepage_k\.next\server\app\contact\page.js:2:18156) {
  code: 'MODULE_NOT_FOUND',
  requireStack: [Array],
  page: '/contact'
}
 ⨯ Error: ENOENT: no such file or directory, open 'C:\workspace\homepage_k\.next\server\vendor-chunks\lucide-react.js'
    at <unknown> (C:\workspace\homepage_k\.next\server\app\partners\page.js:324:47)
    at Object.<anonymous> (C:\workspace\homepage_k\.next\server\app\partners\page.js:327:3) {
  errno: -4058,
  code: 'ENOENT',
  syscall: 'open',
  path: 'C:\\workspace\\homepage_k\\.next\\server\\vendor-chunks\\lucide-react.js',
  page: '/partners'
}
 ⨯ Error: ENOENT: no such file or directory, open 'C:\workspace\homepage_k\.next\server\vendor-chunks\lucide-react.js'
    at <unknown> (C:\workspace\homepage_k\.next\server\app\business\page.js:335:47)
    at Object.<anonymous> (C:\workspace\homepage_k\.next\server\app\business\page.js:338:3) {
  errno: -4058,
  code: 'ENOENT',
  syscall: 'open',
  path: 'C:\\workspace\\homepage_k\\.next\\server\\vendor-chunks\\lucide-react.js',
  page: '/business'
}
 ⨯ Error: ENOENT: no such file or directory, open 'C:\workspace\homepage_k\.next\server\vendor-chunks\lucide-react.js'
    at <unknown> (C:\workspace\homepage_k\.next\server\app\about\page.js:335:47)
    at Object.<anonymous> (C:\workspace\homepage_k\.next\server\app\about\page.js:338:3) {
  errno: -4058,
  code: 'ENOENT',
  syscall: 'open',
  path: 'C:\\workspace\\homepage_k\\.next\\server\\vendor-chunks\\lucide-react.js',
  page: '/about'
}
 ⨯ Error: ENOENT: no such file or directory, open 'C:\workspace\homepage_k\.next\server\vendor-chunks\lucide-react.js'
    at <unknown> (C:\workspace\homepage_k\.next\server\app\portfolio\page.js:324:47)
    at Object.<anonymous> (C:\workspace\homepage_k\.next\server\app\portfolio\page.js:327:3) {
  errno: -4058,
  code: 'ENOENT',
  syscall: 'open',
  path: 'C:\\workspace\\homepage_k\\.next\\server\\vendor-chunks\\lucide-react.js',
  page: '/portfolio'
}
 ⨯ Error: Cannot find module './611.js'
Require stack:
- C:\workspace\homepage_k\.next\server\webpack-runtime.js
- C:\workspace\homepage_k\.next\server\app\contact\page.js
- C:\workspace\homepage_k\node_modules\next\dist\server\require.js
- C:\workspace\homepage_k\node_modules\next\dist\server\load-components.js
- C:\workspace\homepage_k\node_modules\next\dist\build\utils.js
- C:\workspace\homepage_k\node_modules\next\dist\build\swc\options.js
- C:\workspace\homepage_k\node_modules\next\dist\build\swc\index.js
- C:\workspace\homepage_k\node_modules\next\dist\build\next-config-ts\transpile-config.js
- C:\workspace\homepage_k\node_modules\next\dist\server\config.js
- C:\workspace\homepage_k\node_modules\next\dist\server\next.js
- C:\workspace\homepage_k\node_modules\next\dist\server\lib\start-server.js
    at <unknown> (C:\workspace\homepage_k\.next\server\pages\_document.js:1:321)
    at Object.<anonymous> (C:\workspace\homepage_k\.next\server\pages\_document.js:1:366) {
  code: 'MODULE_NOT_FOUND',
  requireStack: [Array]
}
 ⨯ Error: Cannot find module './611.js'
Require stack:
- C:\workspace\homepage_k\.next\server\webpack-runtime.js
- C:\workspace\homepage_k\.next\server\app\contact\page.js
- C:\workspace\homepage_k\node_modules\next\dist\server\require.js
- C:\workspace\homepage_k\node_modules\next\dist\server\load-components.js
- C:\workspace\homepage_k\node_modules\next\dist\build\utils.js
- C:\workspace\homepage_k\node_modules\next\dist\build\swc\options.js
- C:\workspace\homepage_k\node_modules\next\dist\build\swc\index.js
- C:\workspace\homepage_k\node_modules\next\dist\build\next-config-ts\transpile-config.js
- C:\workspace\homepage_k\node_modules\next\dist\server\config.js
- C:\workspace\homepage_k\node_modules\next\dist\server\next.js
- C:\workspace\homepage_k\node_modules\next\dist\server\lib\start-server.js
    at <unknown> (C:\workspace\homepage_k\.next\server\pages\_document.js:1:321)
    at Object.<anonymous> (C:\workspace\homepage_k\.next\server\pages\_document.js:1:366) {
  code: 'MODULE_NOT_FOUND',
  requireStack: [Array]
}
 ⨯ Error: Cannot find module './611.js'
Require stack:
- C:\workspace\homepage_k\.next\server\webpack-runtime.js
- C:\workspace\homepage_k\.next\server\app\contact\page.js
- C:\workspace\homepage_k\node_modules\next\dist\server\require.js
- C:\workspace\homepage_k\node_modules\next\dist\server\load-components.js
- C:\workspace\homepage_k\node_modules\next\dist\build\utils.js
- C:\workspace\homepage_k\node_modules\next\dist\build\swc\options.js
- C:\workspace\homepage_k\node_modules\next\dist\build\swc\index.js
- C:\workspace\homepage_k\node_modules\next\dist\build\next-config-ts\transpile-config.js
- C:\workspace\homepage_k\node_modules\next\dist\server\config.js
- C:\workspace\homepage_k\node_modules\next\dist\server\next.js
- C:\workspace\homepage_k\node_modules\next\dist\server\lib\start-server.js
    at <unknown> (C:\workspace\homepage_k\.next\server\pages\_document.js:1:321)
    at Object.<anonymous> (C:\workspace\homepage_k\.next\server\pages\_document.js:1:366) {
  code: 'MODULE_NOT_FOUND',
  requireStack: [Array]
}
 ⨯ Error: Cannot find module './611.js'
Require stack:
- C:\workspace\homepage_k\.next\server\webpack-runtime.js
- C:\workspace\homepage_k\.next\server\app\contact\page.js
- C:\workspace\homepage_k\node_modules\next\dist\server\require.js
- C:\workspace\homepage_k\node_modules\next\dist\server\load-components.js
- C:\workspace\homepage_k\node_modules\next\dist\build\utils.js
- C:\workspace\homepage_k\node_modules\next\dist\build\swc\options.js
- C:\workspace\homepage_k\node_modules\next\dist\build\swc\index.js
- C:\workspace\homepage_k\node_modules\next\dist\build\next-config-ts\transpile-config.js
- C:\workspace\homepage_k\node_modules\next\dist\server\config.js
- C:\workspace\homepage_k\node_modules\next\dist\server\next.js
- C:\workspace\homepage_k\node_modules\next\dist\server\lib\start-server.js
    at <unknown> (C:\workspace\homepage_k\.next\server\pages\_document.js:1:321)
    at Object.<anonymous> (C:\workspace\homepage_k\.next\server\pages\_document.js:1:366) {
  code: 'MODULE_NOT_FOUND',
  requireStack: [Array]
}
 ⨯ Error: Cannot find module './611.js'
Require stack:
- C:\workspace\homepage_k\.next\server\webpack-runtime.js
- C:\workspace\homepage_k\.next\server\app\contact\page.js
- C:\workspace\homepage_k\node_modules\next\dist\server\require.js
- C:\workspace\homepage_k\node_modules\next\dist\server\load-components.js
- C:\workspace\homepage_k\node_modules\next\dist\build\utils.js
- C:\workspace\homepage_k\node_modules\next\dist\build\swc\options.js
- C:\workspace\homepage_k\node_modules\next\dist\build\swc\index.js
- C:\workspace\homepage_k\node_modules\next\dist\build\next-config-ts\transpile-config.js
- C:\workspace\homepage_k\node_modules\next\dist\server\config.js
- C:\workspace\homepage_k\node_modules\next\dist\server\next.js
- C:\workspace\homepage_k\node_modules\next\dist\server\lib\start-server.js
    at <unknown> (C:\workspace\homepage_k\.next\server\pages\_document.js:1:321)
    at Object.<anonymous> (C:\workspace\homepage_k\.next\server\pages\_document.js:1:366) {
  code: 'MODULE_NOT_FOUND',
  requireStack: [Array]
}
[TypeError: Cannot read properties of undefined (reading '/_app')]
[TypeError: Cannot read properties of undefined (reading '/_app')]
[TypeError: Cannot read properties of undefined (reading '/_app')]
[TypeError: Cannot read properties of undefined (reading '/_app')]
[TypeError: Cannot read properties of undefined (reading '/_app')]
 ⨯ [TypeError: Cannot read properties of undefined (reading '/_app')]
 ⨯ [TypeError: Cannot read properties of undefined (reading '/_app')]
 ⨯ [TypeError: Cannot read properties of undefined (reading '/_app')]
 ⨯ [TypeError: Cannot read properties of undefined (reading '/_app')]
 ⨯ [TypeError: Cannot read properties of undefined (reading '/_app')]
[TypeError: Cannot read properties of undefined (reading '/_app')]
Error: ENOENT: no such file or directory, open 'C:\workspace\homepage_k\.next\server\vendor-chunks\lucide-react.js'
    at <unknown> (C:\workspace\homepage_k\.next\server\app\partners\page.js:324:47)
    at Object.<anonymous> (C:\workspace\homepage_k\.next\server\app\partners\page.js:327:3) {
  errno: -4058,
  code: 'ENOENT',
  syscall: 'open',
  path: 'C:\\workspace\\homepage_k\\.next\\server\\vendor-chunks\\lucide-react.js',
  page: '/partners'
}
Error: ENOENT: no such file or directory, open 'C:\workspace\homepage_k\.next\server\vendor-chunks\lucide-react.js'
    at <unknown> (C:\workspace\homepage_k\.next\server\app\business\page.js:335:47)
    at Object.<anonymous> (C:\workspace\homepage_k\.next\server\app\business\page.js:338:3) {
  errno: -4058,
  code: 'ENOENT',
  syscall: 'open',
  path: 'C:\\workspace\\homepage_k\\.next\\server\\vendor-chunks\\lucide-react.js',
  page: '/business'
}
Error: ENOENT: no such file or directory, open 'C:\workspace\homepage_k\.next\server\vendor-chunks\lucide-react.js'
    at <unknown> (C:\workspace\homepage_k\.next\server\app\about\page.js:335:47)
    at Object.<anonymous> (C:\workspace\homepage_k\.next\server\app\about\page.js:338:3) {
  errno: -4058,
  code: 'ENOENT',
  syscall: 'open',
  path: 'C:\\workspace\\homepage_k\\.next\\server\\vendor-chunks\\lucide-react.js',
  page: '/about'
}
Error: ENOENT: no such file or directory, open 'C:\workspace\homepage_k\.next\server\vendor-chunks\lucide-react.js'
    at <unknown> (C:\workspace\homepage_k\.next\server\app\portfolio\page.js:324:47)
    at Object.<anonymous> (C:\workspace\homepage_k\.next\server\app\portfolio\page.js:327:3) {
  errno: -4058,
  code: 'ENOENT',
  syscall: 'open',
  path: 'C:\\workspace\\homepage_k\\.next\\server\\vendor-chunks\\lucide-react.js',
  page: '/portfolio'
}
 GET /contact 500 in 1989ms
 GET /contact 500 in 669ms
 ⨯ Error: Cannot find module './611.js'
Require stack:
- C:\workspace\homepage_k\.next\server\webpack-runtime.js
- C:\workspace\homepage_k\.next\server\app\contact\page.js
- C:\workspace\homepage_k\node_modules\next\dist\server\require.js
- C:\workspace\homepage_k\node_modules\next\dist\server\load-components.js
- C:\workspace\homepage_k\node_modules\next\dist\build\utils.js
- C:\workspace\homepage_k\node_modules\next\dist\build\swc\options.js
- C:\workspace\homepage_k\node_modules\next\dist\build\swc\index.js
- C:\workspace\homepage_k\node_modules\next\dist\build\next-config-ts\transpile-config.js
- C:\workspace\homepage_k\node_modules\next\dist\server\config.js
- C:\workspace\homepage_k\node_modules\next\dist\server\next.js
- C:\workspace\homepage_k\node_modules\next\dist\server\lib\start-server.js
    at <unknown> (C:\workspace\homepage_k\.next\server\pages\_document.js:1:321)
    at Object.<anonymous> (C:\workspace\homepage_k\.next\server\pages\_document.js:1:366) {
  code: 'MODULE_NOT_FOUND',
  requireStack: [Array]
}
 ⨯ Error: Cannot find module './611.js'
Require stack:
- C:\workspace\homepage_k\.next\server\webpack-runtime.js
- C:\workspace\homepage_k\.next\server\app\contact\page.js
- C:\workspace\homepage_k\node_modules\next\dist\server\require.js
- C:\workspace\homepage_k\node_modules\next\dist\server\load-components.js
- C:\workspace\homepage_k\node_modules\next\dist\build\utils.js
- C:\workspace\homepage_k\node_modules\next\dist\build\swc\options.js
- C:\workspace\homepage_k\node_modules\next\dist\build\swc\index.js
- C:\workspace\homepage_k\node_modules\next\dist\build\next-config-ts\transpile-config.js
- C:\workspace\homepage_k\node_modules\next\dist\server\config.js
- C:\workspace\homepage_k\node_modules\next\dist\server\next.js
- C:\workspace\homepage_k\node_modules\next\dist\server\lib\start-server.js
    at <unknown> (C:\workspace\homepage_k\.next\server\pages\_document.js:1:321)
    at Object.<anonymous> (C:\workspace\homepage_k\.next\server\pages\_document.js:1:366) {
  code: 'MODULE_NOT_FOUND',
  requireStack: [Array]
}
 ⨯ Error: Cannot find module './611.js'
Require stack:
- C:\workspace\homepage_k\.next\server\webpack-runtime.js
- C:\workspace\homepage_k\.next\server\app\contact\page.js
- C:\workspace\homepage_k\node_modules\next\dist\server\require.js
- C:\workspace\homepage_k\node_modules\next\dist\server\load-components.js
- C:\workspace\homepage_k\node_modules\next\dist\build\utils.js
- C:\workspace\homepage_k\node_modules\next\dist\build\swc\options.js
- C:\workspace\homepage_k\node_modules\next\dist\build\swc\index.js
- C:\workspace\homepage_k\node_modules\next\dist\build\next-config-ts\transpile-config.js
- C:\workspace\homepage_k\node_modules\next\dist\server\config.js
- C:\workspace\homepage_k\node_modules\next\dist\server\next.js
- C:\workspace\homepage_k\node_modules\next\dist\server\lib\start-server.js
    at <unknown> (C:\workspace\homepage_k\.next\server\pages\_document.js:1:321)
    at Object.<anonymous> (C:\workspace\homepage_k\.next\server\pages\_document.js:1:366) {
  code: 'MODULE_NOT_FOUND',
  requireStack: [Array]
}
 ⨯ Error: Cannot find module './611.js'
Require stack:
- C:\workspace\homepage_k\.next\server\webpack-runtime.js
- C:\workspace\homepage_k\.next\server\app\contact\page.js
- C:\workspace\homepage_k\node_modules\next\dist\server\require.js
- C:\workspace\homepage_k\node_modules\next\dist\server\load-components.js
- C:\workspace\homepage_k\node_modules\next\dist\build\utils.js
- C:\workspace\homepage_k\node_modules\next\dist\build\swc\options.js
- C:\workspace\homepage_k\node_modules\next\dist\build\swc\index.js
- C:\workspace\homepage_k\node_modules\next\dist\build\next-config-ts\transpile-config.js
- C:\workspace\homepage_k\node_modules\next\dist\server\config.js
- C:\workspace\homepage_k\node_modules\next\dist\server\next.js
- C:\workspace\homepage_k\node_modules\next\dist\server\lib\start-server.js
    at <unknown> (C:\workspace\homepage_k\.next\server\pages\_document.js:1:321)
    at Object.<anonymous> (C:\workspace\homepage_k\.next\server\pages\_document.js:1:366) {
  code: 'MODULE_NOT_FOUND',
  requireStack: [Array]
}
[TypeError: Cannot read properties of undefined (reading '/_app')]
[TypeError: Cannot read properties of undefined (reading '/_app')]
[TypeError: Cannot read properties of undefined (reading '/_app')]
[TypeError: Cannot read properties of undefined (reading '/_app')]
 ⨯ [TypeError: Cannot read properties of undefined (reading '/_app')]
 ⨯ [TypeError: Cannot read properties of undefined (reading '/_app')]
 ⨯ [TypeError: Cannot read properties of undefined (reading '/_app')]
 ⨯ [TypeError: Cannot read properties of undefined (reading '/_app')]
[TypeError: Cannot read properties of undefined (reading '/_app')]
[TypeError: Cannot read properties of undefined (reading '/_app')]
[TypeError: Cannot read properties of undefined (reading '/_app')]
[TypeError: Cannot read properties of undefined (reading '/_app')]
 GET /partners 500 in 2168ms
 GET /partners 500 in 182ms
 GET /business 500 in 2169ms
 GET /business 500 in 181ms
 GET /about 500 in 2170ms
 GET /about 500 in 181ms
 GET /portfolio 500 in 2169ms
 GET /portfolio 500 in 181ms
 ⨯ Error: Cannot find module './331.js'
Require stack:
- C:\workspace\homepage_k\.next\server\webpack-runtime.js
- C:\workspace\homepage_k\.next\server\app\contact\page.js
- C:\workspace\homepage_k\node_modules\next\dist\server\require.js
- C:\workspace\homepage_k\node_modules\next\dist\server\load-components.js
- C:\workspace\homepage_k\node_modules\next\dist\build\utils.js
- C:\workspace\homepage_k\node_modules\next\dist\build\swc\options.js
- C:\workspace\homepage_k\node_modules\next\dist\build\swc\index.js
- C:\workspace\homepage_k\node_modules\next\dist\build\next-config-ts\transpile-config.js
- C:\workspace\homepage_k\node_modules\next\dist\server\config.js
- C:\workspace\homepage_k\node_modules\next\dist\server\next.js
- C:\workspace\homepage_k\node_modules\next\dist\server\lib\start-server.js
    at <unknown> (C:\workspace\homepage_k\.next\server\app\contact\page.js:2:18100)
    at Object.<anonymous> (C:\workspace\homepage_k\.next\server\app\contact\page.js:2:18156) {
  code: 'MODULE_NOT_FOUND',
  requireStack: [Array],
  page: '/contact'
}
 ⨯ Error: Cannot find module './611.js'
Require stack:
- C:\workspace\homepage_k\.next\server\webpack-runtime.js
- C:\workspace\homepage_k\.next\server\app\contact\page.js
- C:\workspace\homepage_k\node_modules\next\dist\server\require.js
- C:\workspace\homepage_k\node_modules\next\dist\server\load-components.js
- C:\workspace\homepage_k\node_modules\next\dist\build\utils.js
- C:\workspace\homepage_k\node_modules\next\dist\build\swc\options.js
- C:\workspace\homepage_k\node_modules\next\dist\build\swc\index.js
- C:\workspace\homepage_k\node_modules\next\dist\build\next-config-ts\transpile-config.js
- C:\workspace\homepage_k\node_modules\next\dist\server\config.js
- C:\workspace\homepage_k\node_modules\next\dist\server\next.js
- C:\workspace\homepage_k\node_modules\next\dist\server\lib\start-server.js
    at <unknown> (C:\workspace\homepage_k\.next\server\pages\_document.js:1:321)
    at Object.<anonymous> (C:\workspace\homepage_k\.next\server\pages\_document.js:1:366) {
  code: 'MODULE_NOT_FOUND',
  requireStack: [Array]
}
[TypeError: Cannot read properties of undefined (reading '/_app')]
 ⨯ [TypeError: Cannot read properties of undefined (reading '/_app')]
Error: Cannot find module './331.js'
Require stack:
- C:\workspace\homepage_k\.next\server\webpack-runtime.js
- C:\workspace\homepage_k\.next\server\app\contact\page.js
- C:\workspace\homepage_k\node_modules\next\dist\server\require.js
- C:\workspace\homepage_k\node_modules\next\dist\server\load-components.js
- C:\workspace\homepage_k\node_modules\next\dist\build\utils.js
- C:\workspace\homepage_k\node_modules\next\dist\build\swc\options.js
- C:\workspace\homepage_k\node_modules\next\dist\build\swc\index.js
- C:\workspace\homepage_k\node_modules\next\dist\build\next-config-ts\transpile-config.js
- C:\workspace\homepage_k\node_modules\next\dist\server\config.js
- C:\workspace\homepage_k\node_modules\next\dist\server\next.js
- C:\workspace\homepage_k\node_modules\next\dist\server\lib\start-server.js
    at <unknown> (C:\workspace\homepage_k\.next\server\app\contact\page.js:2:18100)
    at Object.<anonymous> (C:\workspace\homepage_k\.next\server\app\contact\page.js:2:18156) {
  code: 'MODULE_NOT_FOUND',
  requireStack: [Array],
  page: '/contact'
}
 ⨯ Error: Cannot find module './611.js'
Require stack:
- C:\workspace\homepage_k\.next\server\webpack-runtime.js
- C:\workspace\homepage_k\.next\server\app\contact\page.js
- C:\workspace\homepage_k\node_modules\next\dist\server\require.js
- C:\workspace\homepage_k\node_modules\next\dist\server\load-components.js
- C:\workspace\homepage_k\node_modules\next\dist\build\utils.js
- C:\workspace\homepage_k\node_modules\next\dist\build\swc\options.js
- C:\workspace\homepage_k\node_modules\next\dist\build\swc\index.js
- C:\workspace\homepage_k\node_modules\next\dist\build\next-config-ts\transpile-config.js
- C:\workspace\homepage_k\node_modules\next\dist\server\config.js
- C:\workspace\homepage_k\node_modules\next\dist\server\next.js
- C:\workspace\homepage_k\node_modules\next\dist\server\lib\start-server.js
    at <unknown> (C:\workspace\homepage_k\.next\server\pages\_document.js:1:321)
    at Object.<anonymous> (C:\workspace\homepage_k\.next\server\pages\_document.js:1:366) {
  code: 'MODULE_NOT_FOUND',
  requireStack: [Array]
}
[TypeError: Cannot read properties of undefined (reading '/_app')]
 ⨯ [TypeError: Cannot read properties of undefined (reading '/_app')]
[TypeError: Cannot read properties of undefined (reading '/_app')]
 GET /contact 500 in 389ms
 GET /contact 500 in 87ms
 ⨯ Error: Cannot find module './331.js'
Require stack:
- C:\workspace\homepage_k\.next\server\webpack-runtime.js
- C:\workspace\homepage_k\.next\server\app\contact\page.js
- C:\workspace\homepage_k\node_modules\next\dist\server\require.js
- C:\workspace\homepage_k\node_modules\next\dist\server\load-components.js
- C:\workspace\homepage_k\node_modules\next\dist\build\utils.js
- C:\workspace\homepage_k\node_modules\next\dist\build\swc\options.js
- C:\workspace\homepage_k\node_modules\next\dist\build\swc\index.js
- C:\workspace\homepage_k\node_modules\next\dist\build\next-config-ts\transpile-config.js
- C:\workspace\homepage_k\node_modules\next\dist\server\config.js
- C:\workspace\homepage_k\node_modules\next\dist\server\next.js
- C:\workspace\homepage_k\node_modules\next\dist\server\lib\start-server.js
    at <unknown> (C:\workspace\homepage_k\.next\server\app\contact\page.js:2:18100)
    at Object.<anonymous> (C:\workspace\homepage_k\.next\server\app\contact\page.js:2:18156) {
  code: 'MODULE_NOT_FOUND',
  requireStack: [Array],
  page: '/contact'
}
 ⨯ Error: Cannot find module './611.js'
Require stack:
- C:\workspace\homepage_k\.next\server\webpack-runtime.js
- C:\workspace\homepage_k\.next\server\app\contact\page.js
- C:\workspace\homepage_k\node_modules\next\dist\server\require.js
- C:\workspace\homepage_k\node_modules\next\dist\server\load-components.js
- C:\workspace\homepage_k\node_modules\next\dist\build\utils.js
- C:\workspace\homepage_k\node_modules\next\dist\build\swc\options.js
- C:\workspace\homepage_k\node_modules\next\dist\build\swc\index.js
- C:\workspace\homepage_k\node_modules\next\dist\build\next-config-ts\transpile-config.js
- C:\workspace\homepage_k\node_modules\next\dist\server\config.js
- C:\workspace\homepage_k\node_modules\next\dist\server\next.js
- C:\workspace\homepage_k\node_modules\next\dist\server\lib\start-server.js
    at <unknown> (C:\workspace\homepage_k\.next\server\pages\_document.js:1:321)
    at Object.<anonymous> (C:\workspace\homepage_k\.next\server\pages\_document.js:1:366) {
  code: 'MODULE_NOT_FOUND',
  requireStack: [Array]
}
[TypeError: Cannot read properties of undefined (reading '/_app')]
 ⨯ [TypeError: Cannot read properties of undefined (reading '/_app')]
Error: Cannot find module './331.js'
Require stack:
- C:\workspace\homepage_k\.next\server\webpack-runtime.js
- C:\workspace\homepage_k\.next\server\app\contact\page.js
- C:\workspace\homepage_k\node_modules\next\dist\server\require.js
- C:\workspace\homepage_k\node_modules\next\dist\server\load-components.js
- C:\workspace\homepage_k\node_modules\next\dist\build\utils.js
- C:\workspace\homepage_k\node_modules\next\dist\build\swc\options.js
- C:\workspace\homepage_k\node_modules\next\dist\build\swc\index.js
- C:\workspace\homepage_k\node_modules\next\dist\build\next-config-ts\transpile-config.js
- C:\workspace\homepage_k\node_modules\next\dist\server\config.js
- C:\workspace\homepage_k\node_modules\next\dist\server\next.js
- C:\workspace\homepage_k\node_modules\next\dist\server\lib\start-server.js
    at <unknown> (C:\workspace\homepage_k\.next\server\app\contact\page.js:2:18100)
    at Object.<anonymous> (C:\workspace\homepage_k\.next\server\app\contact\page.js:2:18156) {
  code: 'MODULE_NOT_FOUND',
  requireStack: [Array],
  page: '/contact'
}
 ⨯ Error: Cannot find module './611.js'
Require stack:
- C:\workspace\homepage_k\.next\server\webpack-runtime.js
- C:\workspace\homepage_k\.next\server\app\contact\page.js
- C:\workspace\homepage_k\node_modules\next\dist\server\require.js
- C:\workspace\homepage_k\node_modules\next\dist\server\load-components.js
- C:\workspace\homepage_k\node_modules\next\dist\build\utils.js
- C:\workspace\homepage_k\node_modules\next\dist\build\swc\options.js
- C:\workspace\homepage_k\node_modules\next\dist\build\swc\index.js
- C:\workspace\homepage_k\node_modules\next\dist\build\next-config-ts\transpile-config.js
- C:\workspace\homepage_k\node_modules\next\dist\server\config.js
- C:\workspace\homepage_k\node_modules\next\dist\server\next.js
- C:\workspace\homepage_k\node_modules\next\dist\server\lib\start-server.js
    at <unknown> (C:\workspace\homepage_k\.next\server\pages\_document.js:1:321)
    at Object.<anonymous> (C:\workspace\homepage_k\.next\server\pages\_document.js:1:366) {
  code: 'MODULE_NOT_FOUND',
  requireStack: [Array]
}
[TypeError: Cannot read properties of undefined (reading '/_app')]
 ⨯ [TypeError: Cannot read properties of undefined (reading '/_app')]
[TypeError: Cannot read properties of undefined (reading '/_app')]
 GET /contact 500 in 141ms
 GET /contact 500 in 39ms
 ⨯ Error: Cannot find module './331.js'
Require stack:
- C:\workspace\homepage_k\.next\server\webpack-runtime.js
- C:\workspace\homepage_k\.next\server\app\contact\page.js
- C:\workspace\homepage_k\node_modules\next\dist\server\require.js
- C:\workspace\homepage_k\node_modules\next\dist\server\load-components.js
- C:\workspace\homepage_k\node_modules\next\dist\build\utils.js
- C:\workspace\homepage_k\node_modules\next\dist\build\swc\options.js
- C:\workspace\homepage_k\node_modules\next\dist\build\swc\index.js
- C:\workspace\homepage_k\node_modules\next\dist\build\next-config-ts\transpile-config.js
- C:\workspace\homepage_k\node_modules\next\dist\server\config.js
- C:\workspace\homepage_k\node_modules\next\dist\server\next.js
- C:\workspace\homepage_k\node_modules\next\dist\server\lib\start-server.js
    at <unknown> (C:\workspace\homepage_k\.next\server\app\page.js:2:37167)
    at Object.<anonymous> (C:\workspace\homepage_k\.next\server\app\page.js:2:37223) {
  code: 'MODULE_NOT_FOUND',
  requireStack: [Array],
  page: '/'
}
 ⨯ Error: Cannot find module './611.js'
Require stack:
- C:\workspace\homepage_k\.next\server\webpack-runtime.js
- C:\workspace\homepage_k\.next\server\app\contact\page.js
- C:\workspace\homepage_k\node_modules\next\dist\server\require.js
- C:\workspace\homepage_k\node_modules\next\dist\server\load-components.js
- C:\workspace\homepage_k\node_modules\next\dist\build\utils.js
- C:\workspace\homepage_k\node_modules\next\dist\build\swc\options.js
- C:\workspace\homepage_k\node_modules\next\dist\build\swc\index.js
- C:\workspace\homepage_k\node_modules\next\dist\build\next-config-ts\transpile-config.js
- C:\workspace\homepage_k\node_modules\next\dist\server\config.js
- C:\workspace\homepage_k\node_modules\next\dist\server\next.js
- C:\workspace\homepage_k\node_modules\next\dist\server\lib\start-server.js
    at <unknown> (C:\workspace\homepage_k\.next\server\pages\_document.js:1:321)
    at Object.<anonymous> (C:\workspace\homepage_k\.next\server\pages\_document.js:1:366) {
  code: 'MODULE_NOT_FOUND',
  requireStack: [Array]
}
[TypeError: Cannot read properties of undefined (reading '/_app')]
 ⨯ [TypeError: Cannot read properties of undefined (reading '/_app')]
Error: Cannot find module './331.js'
Require stack:
- C:\workspace\homepage_k\.next\server\webpack-runtime.js
- C:\workspace\homepage_k\.next\server\app\contact\page.js
- C:\workspace\homepage_k\node_modules\next\dist\server\require.js
- C:\workspace\homepage_k\node_modules\next\dist\server\load-components.js
- C:\workspace\homepage_k\node_modules\next\dist\build\utils.js
- C:\workspace\homepage_k\node_modules\next\dist\build\swc\options.js
- C:\workspace\homepage_k\node_modules\next\dist\build\swc\index.js
- C:\workspace\homepage_k\node_modules\next\dist\build\next-config-ts\transpile-config.js
- C:\workspace\homepage_k\node_modules\next\dist\server\config.js
- C:\workspace\homepage_k\node_modules\next\dist\server\next.js
- C:\workspace\homepage_k\node_modules\next\dist\server\lib\start-server.js
    at <unknown> (C:\workspace\homepage_k\.next\server\app\page.js:2:37167)
    at Object.<anonymous> (C:\workspace\homepage_k\.next\server\app\page.js:2:37223) {
  code: 'MODULE_NOT_FOUND',
  requireStack: [Array],
  page: '/'
}
 ⨯ Error: Cannot find module './611.js'
Require stack:
- C:\workspace\homepage_k\.next\server\webpack-runtime.js
- C:\workspace\homepage_k\.next\server\app\contact\page.js
- C:\workspace\homepage_k\node_modules\next\dist\server\require.js
- C:\workspace\homepage_k\node_modules\next\dist\server\load-components.js
- C:\workspace\homepage_k\node_modules\next\dist\build\utils.js
- C:\workspace\homepage_k\node_modules\next\dist\build\swc\options.js
- C:\workspace\homepage_k\node_modules\next\dist\build\swc\index.js
- C:\workspace\homepage_k\node_modules\next\dist\build\next-config-ts\transpile-config.js
- C:\workspace\homepage_k\node_modules\next\dist\server\config.js
- C:\workspace\homepage_k\node_modules\next\dist\server\next.js
- C:\workspace\homepage_k\node_modules\next\dist\server\lib\start-server.js
    at <unknown> (C:\workspace\homepage_k\.next\server\pages\_document.js:1:321)
    at Object.<anonymous> (C:\workspace\homepage_k\.next\server\pages\_document.js:1:366) {
  code: 'MODULE_NOT_FOUND',
  requireStack: [Array]
}
[TypeError: Cannot read properties of undefined (reading '/_app')]
 ⨯ [TypeError: Cannot read properties of undefined (reading '/_app')]
[TypeError: Cannot read properties of undefined (reading '/_app')]
 GET / 500 in 201ms
 GET / 500 in 62ms
 ⨯ Error: Cannot find module './331.js'
Require stack:
- C:\workspace\homepage_k\.next\server\webpack-runtime.js
- C:\workspace\homepage_k\.next\server\app\contact\page.js
- C:\workspace\homepage_k\node_modules\next\dist\server\require.js
- C:\workspace\homepage_k\node_modules\next\dist\server\load-components.js
- C:\workspace\homepage_k\node_modules\next\dist\build\utils.js
- C:\workspace\homepage_k\node_modules\next\dist\build\swc\options.js
- C:\workspace\homepage_k\node_modules\next\dist\build\swc\index.js
- C:\workspace\homepage_k\node_modules\next\dist\build\next-config-ts\transpile-config.js
- C:\workspace\homepage_k\node_modules\next\dist\server\config.js
- C:\workspace\homepage_k\node_modules\next\dist\server\next.js
- C:\workspace\homepage_k\node_modules\next\dist\server\lib\start-server.js
    at <unknown> (C:\workspace\homepage_k\.next\server\app\page.js:2:37167)
    at Object.<anonymous> (C:\workspace\homepage_k\.next\server\app\page.js:2:37223) {
  code: 'MODULE_NOT_FOUND',
  requireStack: [Array],
  page: '/'
}
 ⨯ Error: Cannot find module './611.js'
Require stack:
- C:\workspace\homepage_k\.next\server\webpack-runtime.js
- C:\workspace\homepage_k\.next\server\app\contact\page.js
- C:\workspace\homepage_k\node_modules\next\dist\server\require.js
- C:\workspace\homepage_k\node_modules\next\dist\server\load-components.js
- C:\workspace\homepage_k\node_modules\next\dist\build\utils.js
- C:\workspace\homepage_k\node_modules\next\dist\build\swc\options.js
- C:\workspace\homepage_k\node_modules\next\dist\build\swc\index.js
- C:\workspace\homepage_k\node_modules\next\dist\build\next-config-ts\transpile-config.js
- C:\workspace\homepage_k\node_modules\next\dist\server\config.js
- C:\workspace\homepage_k\node_modules\next\dist\server\next.js
- C:\workspace\homepage_k\node_modules\next\dist\server\lib\start-server.js
    at <unknown> (C:\workspace\homepage_k\.next\server\pages\_document.js:1:321)
    at Object.<anonymous> (C:\workspace\homepage_k\.next\server\pages\_document.js:1:366) {
  code: 'MODULE_NOT_FOUND',
  requireStack: [Array]
}
[TypeError: Cannot read properties of undefined (reading '/_app')]
 ⨯ [TypeError: Cannot read properties of undefined (reading '/_app')]
Error: Cannot find module './331.js'
Require stack:
- C:\workspace\homepage_k\.next\server\webpack-runtime.js
- C:\workspace\homepage_k\.next\server\app\contact\page.js
- C:\workspace\homepage_k\node_modules\next\dist\server\require.js
- C:\workspace\homepage_k\node_modules\next\dist\server\load-components.js
- C:\workspace\homepage_k\node_modules\next\dist\build\utils.js
- C:\workspace\homepage_k\node_modules\next\dist\build\swc\options.js
- C:\workspace\homepage_k\node_modules\next\dist\build\swc\index.js
- C:\workspace\homepage_k\node_modules\next\dist\build\next-config-ts\transpile-config.js
- C:\workspace\homepage_k\node_modules\next\dist\server\config.js
- C:\workspace\homepage_k\node_modules\next\dist\server\next.js
- C:\workspace\homepage_k\node_modules\next\dist\server\lib\start-server.js
    at <unknown> (C:\workspace\homepage_k\.next\server\app\page.js:2:37167)
    at Object.<anonymous> (C:\workspace\homepage_k\.next\server\app\page.js:2:37223) {
  code: 'MODULE_NOT_FOUND',
  requireStack: [Array],
  page: '/'
}
 ⨯ Error: Cannot find module './611.js'
Require stack:
- C:\workspace\homepage_k\.next\server\webpack-runtime.js
- C:\workspace\homepage_k\.next\server\app\contact\page.js
- C:\workspace\homepage_k\node_modules\next\dist\server\require.js
- C:\workspace\homepage_k\node_modules\next\dist\server\load-components.js
- C:\workspace\homepage_k\node_modules\next\dist\build\utils.js
- C:\workspace\homepage_k\node_modules\next\dist\build\swc\options.js
- C:\workspace\homepage_k\node_modules\next\dist\build\swc\index.js
- C:\workspace\homepage_k\node_modules\next\dist\build\next-config-ts\transpile-config.js
- C:\workspace\homepage_k\node_modules\next\dist\server\config.js
- C:\workspace\homepage_k\node_modules\next\dist\server\next.js
- C:\workspace\homepage_k\node_modules\next\dist\server\lib\start-server.js
    at <unknown> (C:\workspace\homepage_k\.next\server\pages\_document.js:1:321)
    at Object.<anonymous> (C:\workspace\homepage_k\.next\server\pages\_document.js:1:366) {
  code: 'MODULE_NOT_FOUND',
  requireStack: [Array]
}
[TypeError: Cannot read properties of undefined (reading '/_app')]
 ⨯ [TypeError: Cannot read properties of undefined (reading '/_app')]
[TypeError: Cannot read properties of undefined (reading '/_app')]
 GET / 500 in 182ms
 GET / 500 in 65ms
 ⨯ Error: Cannot find module './331.js'
Require stack:
- C:\workspace\homepage_k\.next\server\webpack-runtime.js
- C:\workspace\homepage_k\.next\server\app\contact\page.js
- C:\workspace\homepage_k\node_modules\next\dist\server\require.js
- C:\workspace\homepage_k\node_modules\next\dist\server\load-components.js
- C:\workspace\homepage_k\node_modules\next\dist\build\utils.js
- C:\workspace\homepage_k\node_modules\next\dist\build\swc\options.js
- C:\workspace\homepage_k\node_modules\next\dist\build\swc\index.js
- C:\workspace\homepage_k\node_modules\next\dist\build\next-config-ts\transpile-config.js
- C:\workspace\homepage_k\node_modules\next\dist\server\config.js
- C:\workspace\homepage_k\node_modules\next\dist\server\next.js
- C:\workspace\homepage_k\node_modules\next\dist\server\lib\start-server.js
    at <unknown> (C:\workspace\homepage_k\.next\server\app\page.js:2:37167)
    at Object.<anonymous> (C:\workspace\homepage_k\.next\server\app\page.js:2:37223) {
  code: 'MODULE_NOT_FOUND',
  requireStack: [Array],
  page: '/'
}
 ⨯ Error: Cannot find module './611.js'
Require stack:
- C:\workspace\homepage_k\.next\server\webpack-runtime.js
- C:\workspace\homepage_k\.next\server\app\contact\page.js
- C:\workspace\homepage_k\node_modules\next\dist\server\require.js
- C:\workspace\homepage_k\node_modules\next\dist\server\load-components.js
- C:\workspace\homepage_k\node_modules\next\dist\build\utils.js
- C:\workspace\homepage_k\node_modules\next\dist\build\swc\options.js
- C:\workspace\homepage_k\node_modules\next\dist\build\swc\index.js
- C:\workspace\homepage_k\node_modules\next\dist\build\next-config-ts\transpile-config.js
- C:\workspace\homepage_k\node_modules\next\dist\server\config.js
- C:\workspace\homepage_k\node_modules\next\dist\server\next.js
- C:\workspace\homepage_k\node_modules\next\dist\server\lib\start-server.js
    at <unknown> (C:\workspace\homepage_k\.next\server\pages\_document.js:1:321)
    at Object.<anonymous> (C:\workspace\homepage_k\.next\server\pages\_document.js:1:366) {
  code: 'MODULE_NOT_FOUND',
  requireStack: [Array]
}
[TypeError: Cannot read properties of undefined (reading '/_app')]
 ⨯ [TypeError: Cannot read properties of undefined (reading '/_app')]
Error: Cannot find module './331.js'
Require stack:
- C:\workspace\homepage_k\.next\server\webpack-runtime.js
- C:\workspace\homepage_k\.next\server\app\contact\page.js
- C:\workspace\homepage_k\node_modules\next\dist\server\require.js
- C:\workspace\homepage_k\node_modules\next\dist\server\load-components.js
- C:\workspace\homepage_k\node_modules\next\dist\build\utils.js
- C:\workspace\homepage_k\node_modules\next\dist\build\swc\options.js
- C:\workspace\homepage_k\node_modules\next\dist\build\swc\index.js
- C:\workspace\homepage_k\node_modules\next\dist\build\next-config-ts\transpile-config.js
- C:\workspace\homepage_k\node_modules\next\dist\server\config.js
- C:\workspace\homepage_k\node_modules\next\dist\server\next.js
- C:\workspace\homepage_k\node_modules\next\dist\server\lib\start-server.js
    at <unknown> (C:\workspace\homepage_k\.next\server\app\page.js:2:37167)
    at Object.<anonymous> (C:\workspace\homepage_k\.next\server\app\page.js:2:37223) {
  code: 'MODULE_NOT_FOUND',
  requireStack: [Array],
  page: '/'
}
 ⨯ Error: Cannot find module './611.js'
Require stack:
- C:\workspace\homepage_k\.next\server\webpack-runtime.js
- C:\workspace\homepage_k\.next\server\app\contact\page.js
- C:\workspace\homepage_k\node_modules\next\dist\server\require.js
- C:\workspace\homepage_k\node_modules\next\dist\server\load-components.js
- C:\workspace\homepage_k\node_modules\next\dist\build\utils.js
- C:\workspace\homepage_k\node_modules\next\dist\build\swc\options.js
- C:\workspace\homepage_k\node_modules\next\dist\build\swc\index.js
- C:\workspace\homepage_k\node_modules\next\dist\build\next-config-ts\transpile-config.js
- C:\workspace\homepage_k\node_modules\next\dist\server\config.js
- C:\workspace\homepage_k\node_modules\next\dist\server\next.js
- C:\workspace\homepage_k\node_modules\next\dist\server\lib\start-server.js
    at <unknown> (C:\workspace\homepage_k\.next\server\pages\_document.js:1:321)
    at Object.<anonymous> (C:\workspace\homepage_k\.next\server\pages\_document.js:1:366) {
  code: 'MODULE_NOT_FOUND',
  requireStack: [Array]
}
[TypeError: Cannot read properties of undefined (reading '/_app')]
 ⨯ [TypeError: Cannot read properties of undefined (reading '/_app')]
[TypeError: Cannot read properties of undefined (reading '/_app')]
 GET / 500 in 171ms
 GET / 500 in 47ms
 ⨯ Error: Cannot find module './331.js'
Require stack:
- C:\workspace\homepage_k\.next\server\webpack-runtime.js
- C:\workspace\homepage_k\.next\server\app\contact\page.js
- C:\workspace\homepage_k\node_modules\next\dist\server\require.js
- C:\workspace\homepage_k\node_modules\next\dist\server\load-components.js
- C:\workspace\homepage_k\node_modules\next\dist\build\utils.js
- C:\workspace\homepage_k\node_modules\next\dist\build\swc\options.js
- C:\workspace\homepage_k\node_modules\next\dist\build\swc\index.js
- C:\workspace\homepage_k\node_modules\next\dist\build\next-config-ts\transpile-config.js
- C:\workspace\homepage_k\node_modules\next\dist\server\config.js
- C:\workspace\homepage_k\node_modules\next\dist\server\next.js
- C:\workspace\homepage_k\node_modules\next\dist\server\lib\start-server.js
    at <unknown> (C:\workspace\homepage_k\.next\server\app\page.js:2:37167)
    at Object.<anonymous> (C:\workspace\homepage_k\.next\server\app\page.js:2:37223) {
  code: 'MODULE_NOT_FOUND',
  requireStack: [Array],
  page: '/'
}
 ⨯ Error: Cannot find module './611.js'
Require stack:
- C:\workspace\homepage_k\.next\server\webpack-runtime.js
- C:\workspace\homepage_k\.next\server\app\contact\page.js
- C:\workspace\homepage_k\node_modules\next\dist\server\require.js
- C:\workspace\homepage_k\node_modules\next\dist\server\load-components.js
- C:\workspace\homepage_k\node_modules\next\dist\build\utils.js
- C:\workspace\homepage_k\node_modules\next\dist\build\swc\options.js
- C:\workspace\homepage_k\node_modules\next\dist\build\swc\index.js
- C:\workspace\homepage_k\node_modules\next\dist\build\next-config-ts\transpile-config.js
- C:\workspace\homepage_k\node_modules\next\dist\server\config.js
- C:\workspace\homepage_k\node_modules\next\dist\server\next.js
- C:\workspace\homepage_k\node_modules\next\dist\server\lib\start-server.js
    at <unknown> (C:\workspace\homepage_k\.next\server\pages\_document.js:1:321)
    at Object.<anonymous> (C:\workspace\homepage_k\.next\server\pages\_document.js:1:366) {
  code: 'MODULE_NOT_FOUND',
  requireStack: [Array]
}
[TypeError: Cannot read properties of undefined (reading '/_app')]
 ⨯ [TypeError: Cannot read properties of undefined (reading '/_app')]
Error: Cannot find module './331.js'
Require stack:
- C:\workspace\homepage_k\.next\server\webpack-runtime.js
- C:\workspace\homepage_k\.next\server\app\contact\page.js
- C:\workspace\homepage_k\node_modules\next\dist\server\require.js
- C:\workspace\homepage_k\node_modules\next\dist\server\load-components.js
- C:\workspace\homepage_k\node_modules\next\dist\build\utils.js
- C:\workspace\homepage_k\node_modules\next\dist\build\swc\options.js
- C:\workspace\homepage_k\node_modules\next\dist\build\swc\index.js
- C:\workspace\homepage_k\node_modules\next\dist\build\next-config-ts\transpile-config.js
- C:\workspace\homepage_k\node_modules\next\dist\server\config.js
- C:\workspace\homepage_k\node_modules\next\dist\server\next.js
- C:\workspace\homepage_k\node_modules\next\dist\server\lib\start-server.js
    at <unknown> (C:\workspace\homepage_k\.next\server\app\page.js:2:37167)
    at Object.<anonymous> (C:\workspace\homepage_k\.next\server\app\page.js:2:37223) {
  code: 'MODULE_NOT_FOUND',
  requireStack: [Array],
  page: '/'
}
 ⨯ Error: Cannot find module './611.js'
Require stack:
- C:\workspace\homepage_k\.next\server\webpack-runtime.js
- C:\workspace\homepage_k\.next\server\app\contact\page.js
- C:\workspace\homepage_k\node_modules\next\dist\server\require.js
- C:\workspace\homepage_k\node_modules\next\dist\server\load-components.js
- C:\workspace\homepage_k\node_modules\next\dist\build\utils.js
- C:\workspace\homepage_k\node_modules\next\dist\build\swc\options.js
- C:\workspace\homepage_k\node_modules\next\dist\build\swc\index.js
- C:\workspace\homepage_k\node_modules\next\dist\build\next-config-ts\transpile-config.js
- C:\workspace\homepage_k\node_modules\next\dist\server\config.js
- C:\workspace\homepage_k\node_modules\next\dist\server\next.js
- C:\workspace\homepage_k\node_modules\next\dist\server\lib\start-server.js
    at <unknown> (C:\workspace\homepage_k\.next\server\pages\_document.js:1:321)
    at Object.<anonymous> (C:\workspace\homepage_k\.next\server\pages\_document.js:1:366) {
  code: 'MODULE_NOT_FOUND',
  requireStack: [Array]
}
[TypeError: Cannot read properties of undefined (reading '/_app')]
 ⨯ [TypeError: Cannot read properties of undefined (reading '/_app')]
[TypeError: Cannot read properties of undefined (reading '/_app')]
 GET / 500 in 142ms
 GET / 500 in 50ms
 ⨯ Error: Cannot find module './331.js'
Require stack:
- C:\workspace\homepage_k\.next\server\webpack-runtime.js
- C:\workspace\homepage_k\.next\server\app\contact\page.js
- C:\workspace\homepage_k\node_modules\next\dist\server\require.js
- C:\workspace\homepage_k\node_modules\next\dist\server\load-components.js
- C:\workspace\homepage_k\node_modules\next\dist\build\utils.js
- C:\workspace\homepage_k\node_modules\next\dist\build\swc\options.js
- C:\workspace\homepage_k\node_modules\next\dist\build\swc\index.js
- C:\workspace\homepage_k\node_modules\next\dist\build\next-config-ts\transpile-config.js
- C:\workspace\homepage_k\node_modules\next\dist\server\config.js
- C:\workspace\homepage_k\node_modules\next\dist\server\next.js
- C:\workspace\homepage_k\node_modules\next\dist\server\lib\start-server.js
    at <unknown> (C:\workspace\homepage_k\.next\server\app\page.js:2:37167)
    at Object.<anonymous> (C:\workspace\homepage_k\.next\server\app\page.js:2:37223) {
  code: 'MODULE_NOT_FOUND',
  requireStack: [Array],
  page: '/'
}
 ⨯ Error: Cannot find module './611.js'
Require stack:
- C:\workspace\homepage_k\.next\server\webpack-runtime.js
- C:\workspace\homepage_k\.next\server\app\contact\page.js
- C:\workspace\homepage_k\node_modules\next\dist\server\require.js
- C:\workspace\homepage_k\node_modules\next\dist\server\load-components.js
- C:\workspace\homepage_k\node_modules\next\dist\build\utils.js
- C:\workspace\homepage_k\node_modules\next\dist\build\swc\options.js
- C:\workspace\homepage_k\node_modules\next\dist\build\swc\index.js
- C:\workspace\homepage_k\node_modules\next\dist\build\next-config-ts\transpile-config.js
- C:\workspace\homepage_k\node_modules\next\dist\server\config.js
- C:\workspace\homepage_k\node_modules\next\dist\server\next.js
- C:\workspace\homepage_k\node_modules\next\dist\server\lib\start-server.js
    at <unknown> (C:\workspace\homepage_k\.next\server\pages\_document.js:1:321)
    at Object.<anonymous> (C:\workspace\homepage_k\.next\server\pages\_document.js:1:366) {
  code: 'MODULE_NOT_FOUND',
  requireStack: [Array]
}
[TypeError: Cannot read properties of undefined (reading '/_app')]
 ⨯ [TypeError: Cannot read properties of undefined (reading '/_app')]
Error: Cannot find module './331.js'
Require stack:
- C:\workspace\homepage_k\.next\server\webpack-runtime.js
- C:\workspace\homepage_k\.next\server\app\contact\page.js
- C:\workspace\homepage_k\node_modules\next\dist\server\require.js
- C:\workspace\homepage_k\node_modules\next\dist\server\load-components.js
- C:\workspace\homepage_k\node_modules\next\dist\build\utils.js
- C:\workspace\homepage_k\node_modules\next\dist\build\swc\options.js
- C:\workspace\homepage_k\node_modules\next\dist\build\swc\index.js
- C:\workspace\homepage_k\node_modules\next\dist\build\next-config-ts\transpile-config.js
- C:\workspace\homepage_k\node_modules\next\dist\server\config.js
- C:\workspace\homepage_k\node_modules\next\dist\server\next.js
- C:\workspace\homepage_k\node_modules\next\dist\server\lib\start-server.js
    at <unknown> (C:\workspace\homepage_k\.next\server\app\page.js:2:37167)
    at Object.<anonymous> (C:\workspace\homepage_k\.next\server\app\page.js:2:37223) {
  code: 'MODULE_NOT_FOUND',
  requireStack: [Array],
  page: '/'
}
 ⨯ Error: Cannot find module './611.js'
Require stack:
- C:\workspace\homepage_k\.next\server\webpack-runtime.js
- C:\workspace\homepage_k\.next\server\app\contact\page.js
- C:\workspace\homepage_k\node_modules\next\dist\server\require.js
- C:\workspace\homepage_k\node_modules\next\dist\server\load-components.js
- C:\workspace\homepage_k\node_modules\next\dist\build\utils.js
- C:\workspace\homepage_k\node_modules\next\dist\build\swc\options.js
- C:\workspace\homepage_k\node_modules\next\dist\build\swc\index.js
- C:\workspace\homepage_k\node_modules\next\dist\build\next-config-ts\transpile-config.js
- C:\workspace\homepage_k\node_modules\next\dist\server\config.js
- C:\workspace\homepage_k\node_modules\next\dist\server\next.js
- C:\workspace\homepage_k\node_modules\next\dist\server\lib\start-server.js
    at <unknown> (C:\workspace\homepage_k\.next\server\pages\_document.js:1:321)
    at Object.<anonymous> (C:\workspace\homepage_k\.next\server\pages\_document.js:1:366) {
  code: 'MODULE_NOT_FOUND',
  requireStack: [Array]
}
[TypeError: Cannot read properties of undefined (reading '/_app')]
 ⨯ [TypeError: Cannot read properties of undefined (reading '/_app')]
[TypeError: Cannot read properties of undefined (reading '/_app')]
 GET / 500 in 139ms
 GET / 500 in 48ms
 ⨯ Error: Cannot find module './331.js'
Require stack:
- C:\workspace\homepage_k\.next\server\webpack-runtime.js
- C:\workspace\homepage_k\.next\server\app\contact\page.js
- C:\workspace\homepage_k\node_modules\next\dist\server\require.js
- C:\workspace\homepage_k\node_modules\next\dist\server\load-components.js
- C:\workspace\homepage_k\node_modules\next\dist\build\utils.js
- C:\workspace\homepage_k\node_modules\next\dist\build\swc\options.js
- C:\workspace\homepage_k\node_modules\next\dist\build\swc\index.js
- C:\workspace\homepage_k\node_modules\next\dist\build\next-config-ts\transpile-config.js
- C:\workspace\homepage_k\node_modules\next\dist\server\config.js
- C:\workspace\homepage_k\node_modules\next\dist\server\next.js
- C:\workspace\homepage_k\node_modules\next\dist\server\lib\start-server.js
    at <unknown> (C:\workspace\homepage_k\.next\server\app\page.js:2:37167)
    at Object.<anonymous> (C:\workspace\homepage_k\.next\server\app\page.js:2:37223) {
  code: 'MODULE_NOT_FOUND',
  requireStack: [Array],
  page: '/'
}
 ⨯ Error: Cannot find module './611.js'
Require stack:
- C:\workspace\homepage_k\.next\server\webpack-runtime.js
- C:\workspace\homepage_k\.next\server\app\contact\page.js
- C:\workspace\homepage_k\node_modules\next\dist\server\require.js
- C:\workspace\homepage_k\node_modules\next\dist\server\load-components.js
- C:\workspace\homepage_k\node_modules\next\dist\build\utils.js
- C:\workspace\homepage_k\node_modules\next\dist\build\swc\options.js
- C:\workspace\homepage_k\node_modules\next\dist\build\swc\index.js
- C:\workspace\homepage_k\node_modules\next\dist\build\next-config-ts\transpile-config.js
- C:\workspace\homepage_k\node_modules\next\dist\server\config.js
- C:\workspace\homepage_k\node_modules\next\dist\server\next.js
- C:\workspace\homepage_k\node_modules\next\dist\server\lib\start-server.js
    at <unknown> (C:\workspace\homepage_k\.next\server\pages\_document.js:1:321)
    at Object.<anonymous> (C:\workspace\homepage_k\.next\server\pages\_document.js:1:366) {
  code: 'MODULE_NOT_FOUND',
  requireStack: [Array]
}
[TypeError: Cannot read properties of undefined (reading '/_app')]
 ⨯ [TypeError: Cannot read properties of undefined (reading '/_app')]
Error: Cannot find module './331.js'
Require stack:
- C:\workspace\homepage_k\.next\server\webpack-runtime.js
- C:\workspace\homepage_k\.next\server\app\contact\page.js
- C:\workspace\homepage_k\node_modules\next\dist\server\require.js
- C:\workspace\homepage_k\node_modules\next\dist\server\load-components.js
- C:\workspace\homepage_k\node_modules\next\dist\build\utils.js
- C:\workspace\homepage_k\node_modules\next\dist\build\swc\options.js
- C:\workspace\homepage_k\node_modules\next\dist\build\swc\index.js
- C:\workspace\homepage_k\node_modules\next\dist\build\next-config-ts\transpile-config.js
- C:\workspace\homepage_k\node_modules\next\dist\server\config.js
- C:\workspace\homepage_k\node_modules\next\dist\server\next.js
- C:\workspace\homepage_k\node_modules\next\dist\server\lib\start-server.js
    at <unknown> (C:\workspace\homepage_k\.next\server\app\page.js:2:37167)
    at Object.<anonymous> (C:\workspace\homepage_k\.next\server\app\page.js:2:37223) {
  code: 'MODULE_NOT_FOUND',
  requireStack: [Array],
  page: '/'
}
 ⨯ Error: Cannot find module './611.js'
Require stack:
- C:\workspace\homepage_k\.next\server\webpack-runtime.js
- C:\workspace\homepage_k\.next\server\app\contact\page.js
- C:\workspace\homepage_k\node_modules\next\dist\server\require.js
- C:\workspace\homepage_k\node_modules\next\dist\server\load-components.js
- C:\workspace\homepage_k\node_modules\next\dist\build\utils.js
- C:\workspace\homepage_k\node_modules\next\dist\build\swc\options.js
- C:\workspace\homepage_k\node_modules\next\dist\build\swc\index.js
- C:\workspace\homepage_k\node_modules\next\dist\build\next-config-ts\transpile-config.js
- C:\workspace\homepage_k\node_modules\next\dist\server\config.js
- C:\workspace\homepage_k\node_modules\next\dist\server\next.js
- C:\workspace\homepage_k\node_modules\next\dist\server\lib\start-server.js
    at <unknown> (C:\workspace\homepage_k\.next\server\pages\_document.js:1:321)
    at Object.<anonymous> (C:\workspace\homepage_k\.next\server\pages\_document.js:1:366) {
  code: 'MODULE_NOT_FOUND',
  requireStack: [Array]
}
[TypeError: Cannot read properties of undefined (reading '/_app')]
 ⨯ [TypeError: Cannot read properties of undefined (reading '/_app')]
[TypeError: Cannot read properties of undefined (reading '/_app')]
 GET / 500 in 181ms
 GET / 500 in 53ms
